Build started 27.12.2016 18:07:53.
     1>Project "C:\Users\Катя\Documents\Visual Studio 2010\Projects\sample\sample\sample.vcxproj" on node 2 (rebuild target(s)).
     1>_PrepareForClean:
         Deleting file "x64\Release\sample.lastbuildstate".
       InitializeBuildStatus:
         Creating "x64\Release\sample.unsuccessfulbuild" because "AlwaysCreate" was specified.
       ClCompile:
         C:\Program Files (x86)\Microsoft Visual Studio 10.0\VC\bin\x86_amd64\CL.exe /c /I"D:\Python-3.4.4rc1\Include" /I"D:\Python-3.4.4rc1\PC" /Zi /nologo /W3 /WX- /O2 /Oi /GL /D WIN32 /D NDEBUG /D _WINDOWS /D _USRDLL /D SAMPLE_EXPORTS /D _WINDLL /D _UNICODE /D UNICODE /Gm- /EHsc /MD /GS /Gy /fp:precise /Zc:wchar_t /Zc:forScope /Fo"x64\Release\\" /Fd"x64\Release\vc100.pdb" /Gd /TP /errorReport:prompt sample.cpp sample_wrap.cxx
         sample.cpp
         sample_wrap.cxx
     1>C:\Program Files (x86)\MSBuild\Microsoft.Cpp\v4.0\Microsoft.CppBuild.targets(990,5): warning MSB8012: TargetPath(C:\Users\Катя\Documents\Visual Studio 2010\Projects\sample\x64\Release\sample.dll) does not match the Linker's OutputFile property value (C:\Users\Катя\Documents\Visual Studio 2010\Projects\sample\sample\_sample.pyd). This may cause your project to build incorrectly. To correct this, please make sure that $(OutDir), $(TargetName) and $(TargetExt) property values match the value specified in %(Link.OutputFile).
     1>C:\Program Files (x86)\MSBuild\Microsoft.Cpp\v4.0\Microsoft.CppBuild.targets(991,5): warning MSB8012: TargetExt(.dll) does not match the Linker's OutputFile property value (.pyd). This may cause your project to build incorrectly. To correct this, please make sure that $(OutDir), $(TargetName) and $(TargetExt) property values match the value specified in %(Link.OutputFile).
     1>C:\Program Files (x86)\MSBuild\Microsoft.Cpp\v4.0\Microsoft.CppBuild.targets(992,5): warning MSB8012: TargetName(sample) does not match the Linker's OutputFile property value (_sample). This may cause your project to build incorrectly. To correct this, please make sure that $(OutDir), $(TargetName) and $(TargetExt) property values match the value specified in %(Link.OutputFile).
       Link:
         C:\Program Files (x86)\Microsoft Visual Studio 10.0\VC\bin\x86_amd64\link.exe /ERRORREPORT:PROMPT /OUT:"_sample.pyd" /INCREMENTAL:NO /NOLOGO "D:\Python-3.4.4rc1\PCbuild\amd64\python34.lib" kernel32.lib user32.lib gdi32.lib winspool.lib comdlg32.lib advapi32.lib shell32.lib ole32.lib oleaut32.lib uuid.lib odbc32.lib odbccp32.lib kernel32.lib user32.lib gdi32.lib winspool.lib comdlg32.lib advapi32.lib shell32.lib ole32.lib oleaut32.lib uuid.lib odbc32.lib odbccp32.lib /MANIFEST /ManifestFile:"x64\Release\sample.dll.intermediate.manifest" /MANIFESTUAC:"level='asInvoker' uiAccess='false'" /DEBUG /PDB:"C:\Users\Катя\Documents\Visual Studio 2010\Projects\sample\x64\Release\sample.pdb" /SUBSYSTEM:WINDOWS /OPT:REF /OPT:ICF /LTCG /TLBID:1 /DYNAMICBASE /NXCOMPAT /IMPLIB:"C:\Users\Катя\Documents\Visual Studio 2010\Projects\sample\x64\Release\sample.lib" /MACHINE:X64 /DLL x64\Release\sample.obj
         x64\Release\sample_wrap.obj
            Creating library C:\Users\Катя\Documents\Visual Studio 2010\Projects\sample\x64\Release\sample.lib and object C:\Users\Катя\Documents\Visual Studio 2010\Projects\sample\x64\Release\sample.exp
     1>sample.obj : error LNK2001: unresolved external symbol "public: int __cdecl A::GetI(void)" (?GetI@A@@QEAAHXZ)
     1>_sample.pyd : fatal error LNK1120: 1 unresolved externals
     1>Done Building Project "C:\Users\Катя\Documents\Visual Studio 2010\Projects\sample\sample\sample.vcxproj" (rebuild target(s)) -- FAILED.

Build FAILED.

Time Elapsed 00:00:00.49
